
[INFO] 2025-06-09 11:00:19 Log file opened successfully
[INFO] 2025-06-09 11:00:19 Server starting...
[INFO] 2025-06-09 11:00:19 Thread pool inicializada com sucesso
[INFO] 2025-06-09 11:00:19 TCP server socket initialized successfully
[INFO] 2025-06-09 11:00:19 Socket TCP inicializado com sucesso
[INFO] 2025-06-09 11:00:19 Thread para aceitar conexões TCP criada com sucesso
[INFO] 2025-06-09 11:00:19 Thread de handling de clientes TCP iniciada
[INFO] 2025-06-09 11:00:19 Server a correr...
[INFO] 2025-06-09 11:00:19 Menu thread created successfully
[INFO] 2025-06-09 11:00:22 Servidor encerrado pelo utilizador

[INFO] 2025-06-09 11:00:23 Server encerrado
[INFO] 2025-06-09 11:02:03 Log file opened successfully
[INFO] 2025-06-09 11:02:03 Server starting...
[INFO] 2025-06-09 11:02:03 Thread pool inicializada com sucesso
[INFO] 2025-06-09 11:02:03 TCP server socket initialized successfully
[INFO] 2025-06-09 11:02:03 Socket TCP inicializado com sucesso
[INFO] 2025-06-09 11:02:03 Thread para aceitar conexões TCP criada com sucesso
[INFO] 2025-06-09 11:02:03 Thread de handling de clientes TCP iniciada
[INFO] 2025-06-09 11:02:03 Server a correr...
[INFO] 2025-06-09 11:02:03 Menu thread created successfully
[INFO] 2025-06-09 11:02:06 Servidor encerrado pelo utilizador

[INFO] 2025-06-09 11:02:06 Server encerrado
[INFO] 2025-06-09 11:03:18 Log file opened successfully
[INFO] 2025-06-09 11:03:18 Server starting...
[INFO] 2025-06-09 11:03:18 Thread pool inicializada com sucesso
[INFO] 2025-06-09 11:03:18 TCP server socket initialized successfully
[INFO] 2025-06-09 11:03:18 Socket TCP inicializado com sucesso
[INFO] 2025-06-09 11:03:18 Thread para aceitar conexões TCP criada com sucesso
[INFO] 2025-06-09 11:03:18 Thread de handling de clientes TCP iniciada
[INFO] 2025-06-09 11:03:18 Server a correr...
[INFO] 2025-06-09 11:03:18 Menu thread created successfully
